Started GET "/api/v1/restaurants" for 192.168.32.1 at 2022-04-01 04:17:02 -0600
  
ActiveRecord::NoDatabaseError (FATAL:  database "api_development" does not exist
):
  
activerecord (6.1.5) lib/active_record/connection_adapters/postgresql_adapter.rb:81:in `rescue in new_client'
activerecord (6.1.5) lib/active_record/connection_adapters/postgresql_adapter.rb:77:in `new_client'
activerecord (6.1.5) lib/active_record/connection_adapters/postgresql_adapter.rb:37:in `postgresql_connection'
activerecord (6.1.5) lib/active_record/connection_adapters/abstract/connection_pool.rb:882:in `public_send'
activerecord (6.1.5) lib/active_record/connection_adapters/abstract/connection_pool.rb:882:in `new_connection'
activerecord (6.1.5) lib/active_record/connection_adapters/abstract/connection_pool.rb:926:in `checkout_new_connection'
activerecord (6.1.5) lib/active_record/connection_adapters/abstract/connection_pool.rb:905:in `try_to_checkout_new_connection'
activerecord (6.1.5) lib/active_record/connection_adapters/abstract/connection_pool.rb:866:in `acquire_connection'
activerecord (6.1.5) lib/active_record/connection_adapters/abstract/connection_pool.rb:588:in `checkout'
activerecord (6.1.5) lib/active_record/connection_adapters/abstract/connection_pool.rb:428:in `connection'
activerecord (6.1.5) lib/active_record/connection_adapters/abstract/connection_pool.rb:1128:in `retrieve_connection'
activerecord (6.1.5) lib/active_record/connection_handling.rb:327:in `retrieve_connection'
activerecord (6.1.5) lib/active_record/connection_handling.rb:283:in `connection'
activerecord (6.1.5) lib/active_record/migration.rb:611:in `connection'
activerecord (6.1.5) lib/active_record/migration.rb:606:in `build_watcher'
activerecord (6.1.5) lib/active_record/migration.rb:588:in `block in call'
activerecord (6.1.5) lib/active_record/migration.rb:587:in `synchronize'
activerecord (6.1.5) lib/active_record/migration.rb:587:in `call'
actionpack (6.1.5) lib/action_dispatch/middleware/callbacks.rb:27:in `block in call'
activesupport (6.1.5) lib/active_support/callbacks.rb:98:in `run_callbacks'
actionpack (6.1.5) lib/action_dispatch/middleware/callbacks.rb:26:in `call'
actionpack (6.1.5) lib/action_dispatch/middleware/executor.rb:14:in `call'
actionpack (6.1.5) lib/action_dispatch/middleware/actionable_exceptions.rb:18:in `call'
actionpack (6.1.5) lib/action_dispatch/middleware/debug_exceptions.rb:29:in `call'
actionpack (6.1.5) lib/action_dispatch/middleware/show_exceptions.rb:33:in `call'
railties (6.1.5) lib/rails/rack/logger.rb:37:in `call_app'
railties (6.1.5) lib/rails/rack/logger.rb:26:in `block in call'
activesupport (6.1.5) lib/active_support/tagged_logging.rb:99:in `block in tagged'
activesupport (6.1.5) lib/active_support/tagged_logging.rb:37:in `tagged'
activesupport (6.1.5) lib/active_support/tagged_logging.rb:99:in `tagged'
railties (6.1.5) lib/rails/rack/logger.rb:26:in `call'
actionpack (6.1.5) lib/action_dispatch/middleware/remote_ip.rb:81:in `call'
actionpack (6.1.5) lib/action_dispatch/middleware/request_id.rb:26:in `call'
rack (2.2.3) lib/rack/runtime.rb:22:in `call'
activesupport (6.1.5) lib/active_support/cache/strategy/local_cache_middleware.rb:29:in `call'
actionpack (6.1.5) lib/action_dispatch/middleware/executor.rb:14:in `call'
actionpack (6.1.5) lib/action_dispatch/middleware/static.rb:24:in `call'
rack (2.2.3) lib/rack/sendfile.rb:110:in `call'
actionpack (6.1.5) lib/action_dispatch/middleware/host_authorization.rb:148:in `call'
rack-cors (1.1.1) lib/rack/cors.rb:100:in `call'
railties (6.1.5) lib/rails/engine.rb:539:in `call'
puma (5.6.2) lib/puma/configuration.rb:252:in `call'
puma (5.6.2) lib/puma/request.rb:77:in `block in handle_request'
puma (5.6.2) lib/puma/thread_pool.rb:340:in `with_force_shutdown'
puma (5.6.2) lib/puma/request.rb:76:in `handle_request'
puma (5.6.2) lib/puma/server.rb:441:in `process_client'
puma (5.6.2) lib/puma/thread_pool.rb:147:in `block in spawn_thread'
Started GET "/api/v1/restaurants" for 192.168.32.1 at 2022-04-01 04:34:09 -0600
  
ActiveRecord::NoDatabaseError (FATAL:  database "api_development" does not exist
):
  
activerecord (6.1.5) lib/active_record/connection_adapters/postgresql_adapter.rb:81:in `rescue in new_client'
activerecord (6.1.5) lib/active_record/connection_adapters/postgresql_adapter.rb:77:in `new_client'
activerecord (6.1.5) lib/active_record/connection_adapters/postgresql_adapter.rb:37:in `postgresql_connection'
activerecord (6.1.5) lib/active_record/connection_adapters/abstract/connection_pool.rb:882:in `public_send'
activerecord (6.1.5) lib/active_record/connection_adapters/abstract/connection_pool.rb:882:in `new_connection'
activerecord (6.1.5) lib/active_record/connection_adapters/abstract/connection_pool.rb:926:in `checkout_new_connection'
activerecord (6.1.5) lib/active_record/connection_adapters/abstract/connection_pool.rb:905:in `try_to_checkout_new_connection'
activerecord (6.1.5) lib/active_record/connection_adapters/abstract/connection_pool.rb:866:in `acquire_connection'
activerecord (6.1.5) lib/active_record/connection_adapters/abstract/connection_pool.rb:588:in `checkout'
activerecord (6.1.5) lib/active_record/connection_adapters/abstract/connection_pool.rb:428:in `connection'
activerecord (6.1.5) lib/active_record/connection_adapters/abstract/connection_pool.rb:1128:in `retrieve_connection'
activerecord (6.1.5) lib/active_record/connection_handling.rb:327:in `retrieve_connection'
activerecord (6.1.5) lib/active_record/connection_handling.rb:283:in `connection'
activerecord (6.1.5) lib/active_record/migration.rb:611:in `connection'
activerecord (6.1.5) lib/active_record/migration.rb:606:in `build_watcher'
activerecord (6.1.5) lib/active_record/migration.rb:588:in `block in call'
activerecord (6.1.5) lib/active_record/migration.rb:587:in `synchronize'
activerecord (6.1.5) lib/active_record/migration.rb:587:in `call'
actionpack (6.1.5) lib/action_dispatch/middleware/callbacks.rb:27:in `block in call'
activesupport (6.1.5) lib/active_support/callbacks.rb:98:in `run_callbacks'
actionpack (6.1.5) lib/action_dispatch/middleware/callbacks.rb:26:in `call'
actionpack (6.1.5) lib/action_dispatch/middleware/executor.rb:14:in `call'
actionpack (6.1.5) lib/action_dispatch/middleware/actionable_exceptions.rb:18:in `call'
actionpack (6.1.5) lib/action_dispatch/middleware/debug_exceptions.rb:29:in `call'
actionpack (6.1.5) lib/action_dispatch/middleware/show_exceptions.rb:33:in `call'
railties (6.1.5) lib/rails/rack/logger.rb:37:in `call_app'
railties (6.1.5) lib/rails/rack/logger.rb:26:in `block in call'
activesupport (6.1.5) lib/active_support/tagged_logging.rb:99:in `block in tagged'
activesupport (6.1.5) lib/active_support/tagged_logging.rb:37:in `tagged'
activesupport (6.1.5) lib/active_support/tagged_logging.rb:99:in `tagged'
railties (6.1.5) lib/rails/rack/logger.rb:26:in `call'
actionpack (6.1.5) lib/action_dispatch/middleware/remote_ip.rb:81:in `call'
actionpack (6.1.5) lib/action_dispatch/middleware/request_id.rb:26:in `call'
rack (2.2.3) lib/rack/runtime.rb:22:in `call'
activesupport (6.1.5) lib/active_support/cache/strategy/local_cache_middleware.rb:29:in `call'
actionpack (6.1.5) lib/action_dispatch/middleware/executor.rb:14:in `call'
actionpack (6.1.5) lib/action_dispatch/middleware/static.rb:24:in `call'
rack (2.2.3) lib/rack/sendfile.rb:110:in `call'
actionpack (6.1.5) lib/action_dispatch/middleware/host_authorization.rb:148:in `call'
rack-cors (1.1.1) lib/rack/cors.rb:100:in `call'
railties (6.1.5) lib/rails/engine.rb:539:in `call'
puma (5.6.2) lib/puma/configuration.rb:252:in `call'
puma (5.6.2) lib/puma/request.rb:77:in `block in handle_request'
puma (5.6.2) lib/puma/thread_pool.rb:340:in `with_force_shutdown'
puma (5.6.2) lib/puma/request.rb:76:in `handle_request'
puma (5.6.2) lib/puma/server.rb:441:in `process_client'
puma (5.6.2) lib/puma/thread_pool.rb:147:in `block in spawn_thread'
Started GET "/api/v1/restaurants" for 192.168.32.1 at 2022-04-01 04:38:58 -0600
  
ActiveRecord::NoDatabaseError (FATAL:  database "api_development" does not exist
):
  
activerecord (6.1.5) lib/active_record/connection_adapters/postgresql_adapter.rb:81:in `rescue in new_client'
activerecord (6.1.5) lib/active_record/connection_adapters/postgresql_adapter.rb:77:in `new_client'
activerecord (6.1.5) lib/active_record/connection_adapters/postgresql_adapter.rb:37:in `postgresql_connection'
activerecord (6.1.5) lib/active_record/connection_adapters/abstract/connection_pool.rb:882:in `public_send'
activerecord (6.1.5) lib/active_record/connection_adapters/abstract/connection_pool.rb:882:in `new_connection'
activerecord (6.1.5) lib/active_record/connection_adapters/abstract/connection_pool.rb:926:in `checkout_new_connection'
activerecord (6.1.5) lib/active_record/connection_adapters/abstract/connection_pool.rb:905:in `try_to_checkout_new_connection'
activerecord (6.1.5) lib/active_record/connection_adapters/abstract/connection_pool.rb:866:in `acquire_connection'
activerecord (6.1.5) lib/active_record/connection_adapters/abstract/connection_pool.rb:588:in `checkout'
activerecord (6.1.5) lib/active_record/connection_adapters/abstract/connection_pool.rb:428:in `connection'
activerecord (6.1.5) lib/active_record/connection_adapters/abstract/connection_pool.rb:1128:in `retrieve_connection'
activerecord (6.1.5) lib/active_record/connection_handling.rb:327:in `retrieve_connection'
activerecord (6.1.5) lib/active_record/connection_handling.rb:283:in `connection'
activerecord (6.1.5) lib/active_record/migration.rb:611:in `connection'
activerecord (6.1.5) lib/active_record/migration.rb:606:in `build_watcher'
activerecord (6.1.5) lib/active_record/migration.rb:588:in `block in call'
activerecord (6.1.5) lib/active_record/migration.rb:587:in `synchronize'
activerecord (6.1.5) lib/active_record/migration.rb:587:in `call'
actionpack (6.1.5) lib/action_dispatch/middleware/callbacks.rb:27:in `block in call'
activesupport (6.1.5) lib/active_support/callbacks.rb:98:in `run_callbacks'
actionpack (6.1.5) lib/action_dispatch/middleware/callbacks.rb:26:in `call'
actionpack (6.1.5) lib/action_dispatch/middleware/executor.rb:14:in `call'
actionpack (6.1.5) lib/action_dispatch/middleware/actionable_exceptions.rb:18:in `call'
actionpack (6.1.5) lib/action_dispatch/middleware/debug_exceptions.rb:29:in `call'
actionpack (6.1.5) lib/action_dispatch/middleware/show_exceptions.rb:33:in `call'
railties (6.1.5) lib/rails/rack/logger.rb:37:in `call_app'
railties (6.1.5) lib/rails/rack/logger.rb:26:in `block in call'
activesupport (6.1.5) lib/active_support/tagged_logging.rb:99:in `block in tagged'
activesupport (6.1.5) lib/active_support/tagged_logging.rb:37:in `tagged'
activesupport (6.1.5) lib/active_support/tagged_logging.rb:99:in `tagged'
railties (6.1.5) lib/rails/rack/logger.rb:26:in `call'
actionpack (6.1.5) lib/action_dispatch/middleware/remote_ip.rb:81:in `call'
actionpack (6.1.5) lib/action_dispatch/middleware/request_id.rb:26:in `call'
rack (2.2.3) lib/rack/runtime.rb:22:in `call'
activesupport (6.1.5) lib/active_support/cache/strategy/local_cache_middleware.rb:29:in `call'
actionpack (6.1.5) lib/action_dispatch/middleware/executor.rb:14:in `call'
actionpack (6.1.5) lib/action_dispatch/middleware/static.rb:24:in `call'
rack (2.2.3) lib/rack/sendfile.rb:110:in `call'
actionpack (6.1.5) lib/action_dispatch/middleware/host_authorization.rb:148:in `call'
rack-cors (1.1.1) lib/rack/cors.rb:100:in `call'
railties (6.1.5) lib/rails/engine.rb:539:in `call'
puma (5.6.2) lib/puma/configuration.rb:252:in `call'
puma (5.6.2) lib/puma/request.rb:77:in `block in handle_request'
puma (5.6.2) lib/puma/thread_pool.rb:340:in `with_force_shutdown'
puma (5.6.2) lib/puma/request.rb:76:in `handle_request'
puma (5.6.2) lib/puma/server.rb:441:in `process_client'
puma (5.6.2) lib/puma/thread_pool.rb:147:in `block in spawn_thread'
Started GET "/api/v1/restaurants" for 192.168.32.1 at 2022-04-01 04:51:20 -0600
  
ActiveRecord::NoDatabaseError (FATAL:  database "api_development" does not exist
):
  
activerecord (6.1.5) lib/active_record/connection_adapters/postgresql_adapter.rb:81:in `rescue in new_client'
activerecord (6.1.5) lib/active_record/connection_adapters/postgresql_adapter.rb:77:in `new_client'
activerecord (6.1.5) lib/active_record/connection_adapters/postgresql_adapter.rb:37:in `postgresql_connection'
activerecord (6.1.5) lib/active_record/connection_adapters/abstract/connection_pool.rb:882:in `public_send'
activerecord (6.1.5) lib/active_record/connection_adapters/abstract/connection_pool.rb:882:in `new_connection'
activerecord (6.1.5) lib/active_record/connection_adapters/abstract/connection_pool.rb:926:in `checkout_new_connection'
activerecord (6.1.5) lib/active_record/connection_adapters/abstract/connection_pool.rb:905:in `try_to_checkout_new_connection'
activerecord (6.1.5) lib/active_record/connection_adapters/abstract/connection_pool.rb:866:in `acquire_connection'
activerecord (6.1.5) lib/active_record/connection_adapters/abstract/connection_pool.rb:588:in `checkout'
activerecord (6.1.5) lib/active_record/connection_adapters/abstract/connection_pool.rb:428:in `connection'
activerecord (6.1.5) lib/active_record/connection_adapters/abstract/connection_pool.rb:1128:in `retrieve_connection'
activerecord (6.1.5) lib/active_record/connection_handling.rb:327:in `retrieve_connection'
activerecord (6.1.5) lib/active_record/connection_handling.rb:283:in `connection'
activerecord (6.1.5) lib/active_record/migration.rb:611:in `connection'
activerecord (6.1.5) lib/active_record/migration.rb:606:in `build_watcher'
activerecord (6.1.5) lib/active_record/migration.rb:588:in `block in call'
activerecord (6.1.5) lib/active_record/migration.rb:587:in `synchronize'
activerecord (6.1.5) lib/active_record/migration.rb:587:in `call'
actionpack (6.1.5) lib/action_dispatch/middleware/callbacks.rb:27:in `block in call'
activesupport (6.1.5) lib/active_support/callbacks.rb:98:in `run_callbacks'
actionpack (6.1.5) lib/action_dispatch/middleware/callbacks.rb:26:in `call'
actionpack (6.1.5) lib/action_dispatch/middleware/executor.rb:14:in `call'
actionpack (6.1.5) lib/action_dispatch/middleware/actionable_exceptions.rb:18:in `call'
actionpack (6.1.5) lib/action_dispatch/middleware/debug_exceptions.rb:29:in `call'
actionpack (6.1.5) lib/action_dispatch/middleware/show_exceptions.rb:33:in `call'
railties (6.1.5) lib/rails/rack/logger.rb:37:in `call_app'
railties (6.1.5) lib/rails/rack/logger.rb:26:in `block in call'
activesupport (6.1.5) lib/active_support/tagged_logging.rb:99:in `block in tagged'
activesupport (6.1.5) lib/active_support/tagged_logging.rb:37:in `tagged'
activesupport (6.1.5) lib/active_support/tagged_logging.rb:99:in `tagged'
railties (6.1.5) lib/rails/rack/logger.rb:26:in `call'
actionpack (6.1.5) lib/action_dispatch/middleware/remote_ip.rb:81:in `call'
actionpack (6.1.5) lib/action_dispatch/middleware/request_id.rb:26:in `call'
rack (2.2.3) lib/rack/runtime.rb:22:in `call'
activesupport (6.1.5) lib/active_support/cache/strategy/local_cache_middleware.rb:29:in `call'
actionpack (6.1.5) lib/action_dispatch/middleware/executor.rb:14:in `call'
actionpack (6.1.5) lib/action_dispatch/middleware/static.rb:24:in `call'
rack (2.2.3) lib/rack/sendfile.rb:110:in `call'
actionpack (6.1.5) lib/action_dispatch/middleware/host_authorization.rb:148:in `call'
rack-cors (1.1.1) lib/rack/cors.rb:100:in `call'
railties (6.1.5) lib/rails/engine.rb:539:in `call'
puma (5.6.2) lib/puma/configuration.rb:252:in `call'
puma (5.6.2) lib/puma/request.rb:77:in `block in handle_request'
puma (5.6.2) lib/puma/thread_pool.rb:340:in `with_force_shutdown'
puma (5.6.2) lib/puma/request.rb:76:in `handle_request'
puma (5.6.2) lib/puma/server.rb:441:in `process_client'
puma (5.6.2) lib/puma/thread_pool.rb:147:in `block in spawn_thread'
Started GET "/favicon.ico" for 192.168.32.1 at 2022-04-01 04:51:20 -0600
  
ActiveRecord::NoDatabaseError (FATAL:  database "api_development" does not exist
):
  
activerecord (6.1.5) lib/active_record/connection_adapters/postgresql_adapter.rb:81:in `rescue in new_client'
activerecord (6.1.5) lib/active_record/connection_adapters/postgresql_adapter.rb:77:in `new_client'
activerecord (6.1.5) lib/active_record/connection_adapters/postgresql_adapter.rb:37:in `postgresql_connection'
activerecord (6.1.5) lib/active_record/connection_adapters/abstract/connection_pool.rb:882:in `public_send'
activerecord (6.1.5) lib/active_record/connection_adapters/abstract/connection_pool.rb:882:in `new_connection'
activerecord (6.1.5) lib/active_record/connection_adapters/abstract/connection_pool.rb:926:in `checkout_new_connection'
activerecord (6.1.5) lib/active_record/connection_adapters/abstract/connection_pool.rb:905:in `try_to_checkout_new_connection'
activerecord (6.1.5) lib/active_record/connection_adapters/abstract/connection_pool.rb:866:in `acquire_connection'
activerecord (6.1.5) lib/active_record/connection_adapters/abstract/connection_pool.rb:588:in `checkout'
activerecord (6.1.5) lib/active_record/connection_adapters/abstract/connection_pool.rb:428:in `connection'
activerecord (6.1.5) lib/active_record/connection_adapters/abstract/connection_pool.rb:1128:in `retrieve_connection'
activerecord (6.1.5) lib/active_record/connection_handling.rb:327:in `retrieve_connection'
activerecord (6.1.5) lib/active_record/connection_handling.rb:283:in `connection'
activerecord (6.1.5) lib/active_record/migration.rb:611:in `connection'
activerecord (6.1.5) lib/active_record/migration.rb:606:in `build_watcher'
activerecord (6.1.5) lib/active_record/migration.rb:588:in `block in call'
activerecord (6.1.5) lib/active_record/migration.rb:587:in `synchronize'
activerecord (6.1.5) lib/active_record/migration.rb:587:in `call'
actionpack (6.1.5) lib/action_dispatch/middleware/callbacks.rb:27:in `block in call'
activesupport (6.1.5) lib/active_support/callbacks.rb:98:in `run_callbacks'
actionpack (6.1.5) lib/action_dispatch/middleware/callbacks.rb:26:in `call'
actionpack (6.1.5) lib/action_dispatch/middleware/executor.rb:14:in `call'
actionpack (6.1.5) lib/action_dispatch/middleware/actionable_exceptions.rb:18:in `call'
actionpack (6.1.5) lib/action_dispatch/middleware/debug_exceptions.rb:29:in `call'
actionpack (6.1.5) lib/action_dispatch/middleware/show_exceptions.rb:33:in `call'
railties (6.1.5) lib/rails/rack/logger.rb:37:in `call_app'
railties (6.1.5) lib/rails/rack/logger.rb:26:in `block in call'
activesupport (6.1.5) lib/active_support/tagged_logging.rb:99:in `block in tagged'
activesupport (6.1.5) lib/active_support/tagged_logging.rb:37:in `tagged'
activesupport (6.1.5) lib/active_support/tagged_logging.rb:99:in `tagged'
railties (6.1.5) lib/rails/rack/logger.rb:26:in `call'
actionpack (6.1.5) lib/action_dispatch/middleware/remote_ip.rb:81:in `call'
actionpack (6.1.5) lib/action_dispatch/middleware/request_id.rb:26:in `call'
rack (2.2.3) lib/rack/runtime.rb:22:in `call'
activesupport (6.1.5) lib/active_support/cache/strategy/local_cache_middleware.rb:29:in `call'
actionpack (6.1.5) lib/action_dispatch/middleware/executor.rb:14:in `call'
actionpack (6.1.5) lib/action_dispatch/middleware/static.rb:24:in `call'
rack (2.2.3) lib/rack/sendfile.rb:110:in `call'
actionpack (6.1.5) lib/action_dispatch/middleware/host_authorization.rb:148:in `call'
rack-cors (1.1.1) lib/rack/cors.rb:100:in `call'
railties (6.1.5) lib/rails/engine.rb:539:in `call'
puma (5.6.2) lib/puma/configuration.rb:252:in `call'
puma (5.6.2) lib/puma/request.rb:77:in `block in handle_request'
puma (5.6.2) lib/puma/thread_pool.rb:340:in `with_force_shutdown'
puma (5.6.2) lib/puma/request.rb:76:in `handle_request'
puma (5.6.2) lib/puma/server.rb:441:in `process_client'
puma (5.6.2) lib/puma/thread_pool.rb:147:in `block in spawn_thread'
  [1m[35m (160.1ms)[0m  [1m[35mCREATE DATABASE "api_development" ENCODING = 'unicode'[0m
Started GET "/api/v1/restaurants" for 192.168.32.1 at 2022-04-01 04:52:01 -0600
  [1m[35m (8.0ms)[0m  [1m[35mCREATE TABLE "schema_migrations" ("version" character varying NOT NULL PRIMARY KEY)[0m
  [1m[35m (7.1ms)[0m  [1m[35mCREATE TABLE "ar_internal_metadata" ("key" character varying NOT NULL PRIMARY KEY, "value" character varying, "created_at" timestamp(6) NOT NULL, "updated_at" timestamp(6) NOT NULL)[0m
  [1m[35m (0.9ms)[0m  [1m[34mSELECT "schema_migrations"."version" FROM "schema_migrations" ORDER BY "schema_migrations"."version" ASC[0m
  
ActiveRecord::PendingMigrationError (

Migrations are pending. To resolve this issue, run:

        bin/rails db:migrate RAILS_ENV=development

You have 1 pending migration:

20220401100425_create_restaurants.rb


):
  
activerecord (6.1.5) lib/active_record/migration.rb:625:in `check_pending!'
activerecord (6.1.5) lib/active_record/migration.rb:590:in `block (2 levels) in call'
activesupport (6.1.5) lib/active_support/evented_file_update_checker.rb:59:in `execute'
activerecord (6.1.5) lib/active_record/migration.rb:595:in `block in call'
activerecord (6.1.5) lib/active_record/migration.rb:587:in `synchronize'
activerecord (6.1.5) lib/active_record/migration.rb:587:in `call'
actionpack (6.1.5) lib/action_dispatch/middleware/callbacks.rb:27:in `block in call'
activesupport (6.1.5) lib/active_support/callbacks.rb:98:in `run_callbacks'
actionpack (6.1.5) lib/action_dispatch/middleware/callbacks.rb:26:in `call'
actionpack (6.1.5) lib/action_dispatch/middleware/executor.rb:14:in `call'
actionpack (6.1.5) lib/action_dispatch/middleware/actionable_exceptions.rb:18:in `call'
actionpack (6.1.5) lib/action_dispatch/middleware/debug_exceptions.rb:29:in `call'
actionpack (6.1.5) lib/action_dispatch/middleware/show_exceptions.rb:33:in `call'
railties (6.1.5) lib/rails/rack/logger.rb:37:in `call_app'
railties (6.1.5) lib/rails/rack/logger.rb:26:in `block in call'
activesupport (6.1.5) lib/active_support/tagged_logging.rb:99:in `block in tagged'
activesupport (6.1.5) lib/active_support/tagged_logging.rb:37:in `tagged'
activesupport (6.1.5) lib/active_support/tagged_logging.rb:99:in `tagged'
railties (6.1.5) lib/rails/rack/logger.rb:26:in `call'
actionpack (6.1.5) lib/action_dispatch/middleware/remote_ip.rb:81:in `call'
actionpack (6.1.5) lib/action_dispatch/middleware/request_id.rb:26:in `call'
rack (2.2.3) lib/rack/runtime.rb:22:in `call'
activesupport (6.1.5) lib/active_support/cache/strategy/local_cache_middleware.rb:29:in `call'
actionpack (6.1.5) lib/action_dispatch/middleware/executor.rb:14:in `call'
actionpack (6.1.5) lib/action_dispatch/middleware/static.rb:24:in `call'
rack (2.2.3) lib/rack/sendfile.rb:110:in `call'
actionpack (6.1.5) lib/action_dispatch/middleware/host_authorization.rb:148:in `call'
rack-cors (1.1.1) lib/rack/cors.rb:100:in `call'
railties (6.1.5) lib/rails/engine.rb:539:in `call'
puma (5.6.2) lib/puma/configuration.rb:252:in `call'
puma (5.6.2) lib/puma/request.rb:77:in `block in handle_request'
puma (5.6.2) lib/puma/thread_pool.rb:340:in `with_force_shutdown'
puma (5.6.2) lib/puma/request.rb:76:in `handle_request'
puma (5.6.2) lib/puma/server.rb:441:in `process_client'
puma (5.6.2) lib/puma/thread_pool.rb:147:in `block in spawn_thread'
Started GET "/favicon.ico" for 192.168.32.1 at 2022-04-01 04:52:01 -0600
  [1m[35m (0.8ms)[0m  [1m[34mSELECT "schema_migrations"."version" FROM "schema_migrations" ORDER BY "schema_migrations"."version" ASC[0m
  [1m[35mCACHE  (0.0ms)[0m  [1m[34mSELECT "schema_migrations"."version" FROM "schema_migrations" ORDER BY "schema_migrations"."version" ASC[0m
  
ActiveRecord::PendingMigrationError (

Migrations are pending. To resolve this issue, run:

        bin/rails db:migrate RAILS_ENV=development

You have 1 pending migration:

20220401100425_create_restaurants.rb


):
  
activerecord (6.1.5) lib/active_record/migration.rb:625:in `check_pending!'
activerecord (6.1.5) lib/active_record/migration.rb:590:in `block (2 levels) in call'
activesupport (6.1.5) lib/active_support/evented_file_update_checker.rb:59:in `execute'
activerecord (6.1.5) lib/active_record/migration.rb:595:in `block in call'
activerecord (6.1.5) lib/active_record/migration.rb:587:in `synchronize'
activerecord (6.1.5) lib/active_record/migration.rb:587:in `call'
actionpack (6.1.5) lib/action_dispatch/middleware/callbacks.rb:27:in `block in call'
activesupport (6.1.5) lib/active_support/callbacks.rb:98:in `run_callbacks'
actionpack (6.1.5) lib/action_dispatch/middleware/callbacks.rb:26:in `call'
actionpack (6.1.5) lib/action_dispatch/middleware/executor.rb:14:in `call'
actionpack (6.1.5) lib/action_dispatch/middleware/actionable_exceptions.rb:18:in `call'
actionpack (6.1.5) lib/action_dispatch/middleware/debug_exceptions.rb:29:in `call'
actionpack (6.1.5) lib/action_dispatch/middleware/show_exceptions.rb:33:in `call'
railties (6.1.5) lib/rails/rack/logger.rb:37:in `call_app'
railties (6.1.5) lib/rails/rack/logger.rb:26:in `block in call'
activesupport (6.1.5) lib/active_support/tagged_logging.rb:99:in `block in tagged'
activesupport (6.1.5) lib/active_support/tagged_logging.rb:37:in `tagged'
activesupport (6.1.5) lib/active_support/tagged_logging.rb:99:in `tagged'
railties (6.1.5) lib/rails/rack/logger.rb:26:in `call'
actionpack (6.1.5) lib/action_dispatch/middleware/remote_ip.rb:81:in `call'
actionpack (6.1.5) lib/action_dispatch/middleware/request_id.rb:26:in `call'
rack (2.2.3) lib/rack/runtime.rb:22:in `call'
activesupport (6.1.5) lib/active_support/cache/strategy/local_cache_middleware.rb:29:in `call'
actionpack (6.1.5) lib/action_dispatch/middleware/executor.rb:14:in `call'
actionpack (6.1.5) lib/action_dispatch/middleware/static.rb:24:in `call'
rack (2.2.3) lib/rack/sendfile.rb:110:in `call'
actionpack (6.1.5) lib/action_dispatch/middleware/host_authorization.rb:148:in `call'
rack-cors (1.1.1) lib/rack/cors.rb:100:in `call'
railties (6.1.5) lib/rails/engine.rb:539:in `call'
puma (5.6.2) lib/puma/configuration.rb:252:in `call'
puma (5.6.2) lib/puma/request.rb:77:in `block in handle_request'
puma (5.6.2) lib/puma/thread_pool.rb:340:in `with_force_shutdown'
puma (5.6.2) lib/puma/request.rb:76:in `handle_request'
puma (5.6.2) lib/puma/server.rb:441:in `process_client'
puma (5.6.2) lib/puma/thread_pool.rb:147:in `block in spawn_thread'
Started GET "/api/v1/restaurants" for 192.168.32.1 at 2022-04-01 04:52:26 -0600
  [1m[35m (0.7ms)[0m  [1m[34mSELECT "schema_migrations"."version" FROM "schema_migrations" ORDER BY "schema_migrations"."version" ASC[0m
Processing by Api::V1::RestaurantsController#index as HTML
Completed 500 Internal Server Error in 3ms (ActiveRecord: 0.0ms | Allocations: 1889)


  
NameError (uninitialized constant Api::V1::RestaurantsController::RestaurantService):
  
app/controllers/api/v1/restaurants_controller.rb:4:in `index'
Started GET "/favicon.ico" for 192.168.32.1 at 2022-04-01 04:52:26 -0600
  
ActionController::RoutingError (No route matches [GET] "/favicon.ico"):
  
Started GET "/api/v1/restaurants" for 192.168.32.1 at 2022-04-01 04:54:21 -0600
  [1m[35m (1.3ms)[0m  [1m[34mSELECT "schema_migrations"."version" FROM "schema_migrations" ORDER BY "schema_migrations"."version" ASC[0m
Processing by Api::V1::RestaurantsController#index as HTML
Completed 500 Internal Server Error in 11ms (ActiveRecord: 0.0ms | Allocations: 3951)


  
NameError (uninitialized constant Api::V1::RestaurantsController::RestaurantService
Did you mean?  RestaurantsService):
  
app/controllers/api/v1/restaurants_controller.rb:4:in `index'
Started GET "/api/v1/restaurants" for 192.168.32.1 at 2022-04-01 04:54:42 -0600
Processing by Api::V1::RestaurantsController#index as HTML
Completed 500 Internal Server Error in 47ms (ActiveRecord: 0.0ms | Allocations: 10236)


  
Zeitwerk::NameError (expected file /opt/app/app/services/restaurants_service.rb to define constant RestaurantsService, but didn't):
  
app/controllers/api/v1/restaurants_controller.rb:4:in `index'
Started GET "/api/v1/restaurants" for 192.168.32.1 at 2022-04-01 04:54:56 -0600
Processing by Api::V1::RestaurantsController#index as HTML
Completed 500 Internal Server Error in 17ms (ActiveRecord: 0.0ms | Allocations: 1703)


  
NameError (undefined local variable or method `request_url' for RestaurantsService:Class
Did you mean?  require):
  
app/services/restaurants_service.rb:5:in `call'
app/controllers/api/v1/restaurants_controller.rb:4:in `index'
Started GET "/api/v1/restaurants" for 192.168.32.1 at 2022-04-01 04:54:58 -0600
Processing by Api::V1::RestaurantsController#index as HTML
Completed 500 Internal Server Error in 3ms (ActiveRecord: 0.0ms | Allocations: 1477)


  
NameError (undefined local variable or method `request_url' for RestaurantsService:Class
Did you mean?  require):
  
app/services/restaurants_service.rb:5:in `call'
app/controllers/api/v1/restaurants_controller.rb:4:in `index'
Started GET "/api/v1/restaurants" for 192.168.32.1 at 2022-04-01 04:54:59 -0600
Processing by Api::V1::RestaurantsController#index as HTML
Completed 500 Internal Server Error in 3ms (ActiveRecord: 0.0ms | Allocations: 1469)


  
NameError (undefined local variable or method `request_url' for RestaurantsService:Class
Did you mean?  require):
  
app/services/restaurants_service.rb:5:in `call'
app/controllers/api/v1/restaurants_controller.rb:4:in `index'
Started GET "/api/v1/restaurants" for 192.168.32.1 at 2022-04-01 04:55:00 -0600
Processing by Api::V1::RestaurantsController#index as HTML
Completed 500 Internal Server Error in 3ms (ActiveRecord: 0.0ms | Allocations: 1469)


  
NameError (undefined local variable or method `request_url' for RestaurantsService:Class
Did you mean?  require):
  
app/services/restaurants_service.rb:5:in `call'
app/controllers/api/v1/restaurants_controller.rb:4:in `index'
Started GET "/api/v1/restaurants" for 192.168.32.1 at 2022-04-01 04:55:17 -0600
Processing by Api::V1::RestaurantsController#index as HTML
Completed 500 Internal Server Error in 68ms (ActiveRecord: 0.0ms | Allocations: 499)


  
SocketError (Failed to open TCP connection to backend-api:4567 (getaddrinfo: Name or service not known)):
  
app/services/restaurants_service.rb:6:in `call'
app/controllers/api/v1/restaurants_controller.rb:4:in `index'
Started GET "/api/v1/restaurants" for 192.168.32.1 at 2022-04-01 04:55:43 -0600
Processing by Api::V1::RestaurantsController#index as HTML
Completed 200 OK in 57ms (Views: 8.6ms | ActiveRecord: 0.0ms | Allocations: 21719)


Started GET "/api/v1/restaurants" for 192.168.32.1 at 2022-04-01 04:55:52 -0600
Processing by Api::V1::RestaurantsController#index as HTML
Completed 200 OK in 42ms (Views: 9.0ms | ActiveRecord: 0.0ms | Allocations: 21390)


Started GET "/api/v1/restaurants" for 192.168.32.1 at 2022-04-01 04:56:04 -0600
Processing by Api::V1::RestaurantsController#index as HTML
Completed 200 OK in 109ms (Views: 45.9ms | ActiveRecord: 0.0ms | Allocations: 21385)


Started GET "/api/v1/restaurants" for 192.168.32.1 at 2022-04-01 04:57:39 -0600
Processing by Api::V1::RestaurantsController#index as HTML
Completed 200 OK in 117ms (Views: 61.5ms | ActiveRecord: 0.0ms | Allocations: 21385)


Started GET "/api/v1/restaurants" for 192.168.32.1 at 2022-04-01 05:00:26 -0600
Processing by Api::V1::RestaurantsController#index as HTML
Completed 200 OK in 23ms (Views: 9.0ms | Allocations: 21385)


Started GET "/api/v1/restaurants" for 192.168.32.1 at 2022-04-01 05:00:50 -0600
Processing by Api::V1::RestaurantsController#index as HTML
Completed 200 OK in 40ms (Views: 10.7ms | Allocations: 21386)


Started GET "/" for 192.168.32.1 at 2022-04-01 09:16:49 -0600
Processing by Rails::WelcomeController#index as HTML
  Rendering /usr/local/bundle/gems/railties-6.1.5/lib/rails/templates/rails/welcome/index.html.erb
  Rendered /usr/local/bundle/gems/railties-6.1.5/lib/rails/templates/rails/welcome/index.html.erb (Duration: 5.1ms | Allocations: 217)
Completed 200 OK in 15ms (Views: 8.8ms | Allocations: 2535)


  [1m[35m (1.8ms)[0m  [1m[35mCREATE DATABASE "api_development" ENCODING = 'unicode'[0m
  [1m[35m (0.6ms)[0m  [1m[34mSELECT pg_try_advisory_lock(5878493172211724820)[0m
  [1m[35m (1.2ms)[0m  [1m[34mSELECT "schema_migrations"."version" FROM "schema_migrations" ORDER BY "schema_migrations"."version" ASC[0m
  [1m[36mActiveRecord::InternalMetadata Load (1.2ms)[0m  [1m[34mSELECT "ar_internal_metadata".* FROM "ar_internal_metadata" WHERE "ar_internal_metadata"."key" = $1 LIMIT $2[0m  [["key", "environment"], ["LIMIT", 1]]
  [1m[36mTRANSACTION (0.6ms)[0m  [1m[35mBEGIN[0m
  [1m[36mActiveRecord::InternalMetadata Create (2.5ms)[0m  [1m[32mINSERT INTO "ar_internal_metadata" ("key", "value", "created_at", "updated_at") VALUES ($1, $2, $3, $4) RETURNING "key"[0m  [["key", "environment"], ["value", "development"], ["created_at", "2022-04-01 16:26:43.595614"], ["updated_at", "2022-04-01 16:26:43.595614"]]
  [1m[36mTRANSACTION (3.1ms)[0m  [1m[35mCOMMIT[0m
  [1m[35m (0.7ms)[0m  [1m[34mSELECT pg_advisory_unlock(5878493172211724820)[0m
  [1m[35m (1.3ms)[0m  [1m[34mSELECT "schema_migrations"."version" FROM "schema_migrations" ORDER BY "schema_migrations"."version" ASC[0m
  [1m[35m (1.6ms)[0m  [1m[34mSELECT "schema_migrations"."version" FROM "schema_migrations" ORDER BY "schema_migrations"."version" ASC[0m
  [1m[35m (1.3ms)[0m  [1m[35mCREATE DATABASE "api_development" ENCODING = 'unicode'[0m
  [1m[35m (0.5ms)[0m  [1m[34mSELECT pg_try_advisory_lock(5878493172211724820)[0m
  [1m[35m (1.4ms)[0m  [1m[34mSELECT "schema_migrations"."version" FROM "schema_migrations" ORDER BY "schema_migrations"."version" ASC[0m
  [1m[36mActiveRecord::InternalMetadata Load (1.8ms)[0m  [1m[34mSELECT "ar_internal_metadata".* FROM "ar_internal_metadata" WHERE "ar_internal_metadata"."key" = $1 LIMIT $2[0m  [["key", "environment"], ["LIMIT", 1]]
  [1m[35m (0.7ms)[0m  [1m[34mSELECT pg_advisory_unlock(5878493172211724820)[0m
  [1m[35m (2.2ms)[0m  [1m[34mSELECT "schema_migrations"."version" FROM "schema_migrations" ORDER BY "schema_migrations"."version" ASC[0m
  [1m[35m (1.5ms)[0m  [1m[34mSELECT "schema_migrations"."version" FROM "schema_migrations" ORDER BY "schema_migrations"."version" ASC[0m
  [1m[35m (1.1ms)[0m  [1m[35mCREATE DATABASE "api_development" ENCODING = 'unicode'[0m
  [1m[35m (0.6ms)[0m  [1m[34mSELECT pg_try_advisory_lock(5878493172211724820)[0m
  [1m[35m (1.1ms)[0m  [1m[34mSELECT "schema_migrations"."version" FROM "schema_migrations" ORDER BY "schema_migrations"."version" ASC[0m
  [1m[36mActiveRecord::InternalMetadata Load (0.7ms)[0m  [1m[34mSELECT "ar_internal_metadata".* FROM "ar_internal_metadata" WHERE "ar_internal_metadata"."key" = $1 LIMIT $2[0m  [["key", "environment"], ["LIMIT", 1]]
  [1m[35m (0.6ms)[0m  [1m[34mSELECT pg_advisory_unlock(5878493172211724820)[0m
  [1m[35m (0.8ms)[0m  [1m[34mSELECT "schema_migrations"."version" FROM "schema_migrations" ORDER BY "schema_migrations"."version" ASC[0m
  [1m[35m (1.1ms)[0m  [1m[34mSELECT "schema_migrations"."version" FROM "schema_migrations" ORDER BY "schema_migrations"."version" ASC[0m
  [1m[35m (1.5ms)[0m  [1m[35mCREATE DATABASE "api_development" ENCODING = 'unicode'[0m
  [1m[35m (0.9ms)[0m  [1m[34mSELECT pg_try_advisory_lock(5878493172211724820)[0m
  [1m[35m (1.3ms)[0m  [1m[34mSELECT "schema_migrations"."version" FROM "schema_migrations" ORDER BY "schema_migrations"."version" ASC[0m
  [1m[36mActiveRecord::InternalMetadata Load (0.7ms)[0m  [1m[34mSELECT "ar_internal_metadata".* FROM "ar_internal_metadata" WHERE "ar_internal_metadata"."key" = $1 LIMIT $2[0m  [["key", "environment"], ["LIMIT", 1]]
  [1m[35m (0.7ms)[0m  [1m[34mSELECT pg_advisory_unlock(5878493172211724820)[0m
  [1m[35m (1.6ms)[0m  [1m[34mSELECT "schema_migrations"."version" FROM "schema_migrations" ORDER BY "schema_migrations"."version" ASC[0m
  [1m[35m (1.3ms)[0m  [1m[34mSELECT "schema_migrations"."version" FROM "schema_migrations" ORDER BY "schema_migrations"."version" ASC[0m
